<?xml version="1.0" encoding="UTF-8"?>
<testng-results ignored="0" total="1" passed="1" failed="0" skipped="0">
  <reporter-output>
  </reporter-output>
  <suite started-at="2023-02-19T20:27:11 IST" name="Default suite" finished-at="2023-02-19T20:27:17 IST" duration-ms="5767">
    <groups>
    </groups>
    <test started-at="2023-02-19T20:27:11 IST" name="Default test" finished-at="2023-02-19T20:27:17 IST" duration-ms="5767">
      <class name="xmlschemaValidator.Firstxml">
        <test-method signature="firstXML()[pri:0, instance:xmlschemaValidator.Firstxml@3a44431a]" started-at="2023-02-19T20:27:11 IST" name="firstXML" finished-at="2023-02-19T20:27:17 IST" duration-ms="5682" status="PASS">
          <reporter-output>
          </reporter-output>
        </test-method> <!-- firstXML -->
      </class> <!-- xmlschemaValidator.Firstxml -->
    </test> <!-- Default test -->
  </suite> <!-- Default suite -->
</testng-results>
